<?xml version="1.0" encoding="UTF-8"?>
<!-- Generated by org.testng.reporters.JUnitXMLReporter -->
<testsuite hostname="Rubesh" ignored="0" name="Default test" tests="4" failures="0" timestamp="2020-04-02T19:25:21 IST" time="0.121" errors="0">
  <testcase name="methodOne" time="0.01" classname="com.factory.DataProviderExample"/>
  <testcase name="methodOne" time="0.005" classname="com.factory.DataProviderExample"/>
  <testcase name="methodtwo" time="0.003" classname="com.factory.DataProviderExample"/>
  <testcase name="methodtwo" time="0.008" classname="com.factory.DataProviderExample"/>
</testsuite> <!-- Default test -->
