<?xml version="1.0" encoding="UTF-8"?>
<!-- Generated by org.testng.reporters.JUnitXMLReporter -->
<testsuite hostname="Rubesh" name="Test" tests="5" failures="0" timestamp="21 May 2019 17:39:29 GMT" time="0.227" errors="0">
  <testcase name="test1" time="0.019" classname="com.test.NewTest"/>
  <testcase name="test2" time="0.023" classname="com.test.NewTest"/>
  <testcase name="test3" time="0.003" classname="com.test.NewTest"/>
  <testcase name="f" time="0.007" classname="com.test.NewTest2"/>
  <testcase name="f" time="0.026" classname="com.test.NewTest2"/>
</testsuite> <!-- Test -->
