<?xml version="1.0" encoding="UTF-8"?>
<!-- Generated by org.testng.reporters.JUnitXMLReporter -->
<testsuite hostname="Rubesh" ignored="0" name="Test" tests="4" failures="0" timestamp="2020-04-02T19:28:29 IST" time="0.101" errors="0">
  <testcase name="methodOne" time="0.017" classname="com.factory.FactoryTest"/>
  <testcase name="methodtwo" time="0.013" classname="com.factory.FactoryTest"/>
  <testcase name="methodOne" time="0.023" classname="com.factory.FactoryTest"/>
  <testcase name="methodtwo" time="0.028" classname="com.factory.FactoryTest"/>
</testsuite> <!-- Test -->
